2014-06-02 10:02:18.914 CorodvaTypeScript[42047:70b] Multi-tasking -> Device: YES, App: YES
2014-06-02 10:02:18.921 CorodvaTypeScript[42047:70b] Unlimited access to network resources
2014-06-02 10:02:18.924 CorodvaTypeScript[42047:70b] 

Started backup to iCloud! Please be careful.
Your application might rejected by Apple if you store too much data.
For more information please read "iOS Data Storage Guidelines"
You could find it at the following address https://developer.apple.com/icloud/documentation/data-storage/ .

2014-06-02 10:02:19.158 CorodvaTypeScript[42047:70b] Resetting plugins due to page load.
2014-06-02 10:02:19.333 CorodvaTypeScript[42047:70b] Finished load of: file:///Users/lenniedevilliers/Library/Application%20Support/iPhone%20Simulator/7.1/Applications/EAB0CEE8-E119-4E73-9C23-2886AF75A002/CorodvaTypeScript.app/www/index.html
2014-06-02 10:06:16.775 CorodvaTypeScript[42448:70b] Multi-tasking -> Device: YES, App: YES
2014-06-02 10:06:16.784 CorodvaTypeScript[42448:70b] Unlimited access to network resources
2014-06-02 10:06:16.789 CorodvaTypeScript[42448:70b] 

Started backup to iCloud! Please be careful.
Your application might rejected by Apple if you store too much data.
For more information please read "iOS Data Storage Guidelines"
You could find it at the following address https://developer.apple.com/icloud/documentation/data-storage/ .

2014-06-02 10:06:16.943 CorodvaTypeScript[42448:70b] Resetting plugins due to page load.
2014-06-02 10:06:17.020 CorodvaTypeScript[42448:70b] Finished load of: file:///Users/lenniedevilliers/Library/Application%20Support/iPhone%20Simulator/7.1/Applications/EAB0CEE8-E119-4E73-9C23-2886AF75A002/CorodvaTypeScript.app/www/index.html
Terminating in response to SpringBoard's termination.
2014-06-02 10:06:41.567 CorodvaTypeScript[42553:70b] Multi-tasking -> Device: YES, App: YES
2014-06-02 10:06:41.577 CorodvaTypeScript[42553:70b] Unlimited access to network resources
2014-06-02 10:06:41.581 CorodvaTypeScript[42553:70b] 

Started backup to iCloud! Please be careful.
Your application might rejected by Apple if you store too much data.
For more information please read "iOS Data Storage Guidelines"
You could find it at the following address https://developer.apple.com/icloud/documentation/data-storage/ .

2014-06-02 10:06:41.725 CorodvaTypeScript[42553:70b] Resetting plugins due to page load.
2014-06-02 10:06:43.454 CorodvaTypeScript[42553:70b] Finished load of: file:///Users/lenniedevilliers/Library/Application%20Support/iPhone%20Simulator/7.1/Applications/EAB0CEE8-E119-4E73-9C23-2886AF75A002/CorodvaTypeScript.app/www/index.html
2014-06-02 10:14:45.403 CorodvaTypeScript[43471:70b] Multi-tasking -> Device: YES, App: YES
2014-06-02 10:14:45.413 CorodvaTypeScript[43471:70b] Unlimited access to network resources
2014-06-02 10:14:45.417 CorodvaTypeScript[43471:70b] 

Started backup to iCloud! Please be careful.
Your application might rejected by Apple if you store too much data.
For more information please read "iOS Data Storage Guidelines"
You could find it at the following address https://developer.apple.com/icloud/documentation/data-storage/ .

2014-06-02 10:14:45.562 CorodvaTypeScript[43471:70b] Resetting plugins due to page load.
2014-06-02 10:14:45.654 CorodvaTypeScript[43471:70b] Finished load of: file:///Users/lenniedevilliers/Library/Application%20Support/iPhone%20Simulator/7.1/Applications/EAB0CEE8-E119-4E73-9C23-2886AF75A002/CorodvaTypeScript.app/www/index.html
2014-06-02 10:14:45.731 CorodvaTypeScript[43471:70b] THREAD WARNING: ['Device'] took '45.777832' ms. Plugin should use a background thread.
2014-06-02 10:15:30.145 CorodvaTypeScript[43583:70b] Multi-tasking -> Device: YES, App: YES
2014-06-02 10:15:30.155 CorodvaTypeScript[43583:70b] Unlimited access to network resources
2014-06-02 10:15:30.158 CorodvaTypeScript[43583:70b] 

Started backup to iCloud! Please be careful.
Your application might rejected by Apple if you store too much data.
For more information please read "iOS Data Storage Guidelines"
You could find it at the following address https://developer.apple.com/icloud/documentation/data-storage/ .

2014-06-02 10:15:30.308 CorodvaTypeScript[43583:70b] Resetting plugins due to page load.
2014-06-02 10:15:30.371 CorodvaTypeScript[43583:70b] Finished load of: file:///Users/lenniedevilliers/Library/Application%20Support/iPhone%20Simulator/7.1/Applications/EAB0CEE8-E119-4E73-9C23-2886AF75A002/CorodvaTypeScript.app/www/index.html
2014-06-02 10:16:26.763 CorodvaTypeScript[43697:70b] Multi-tasking -> Device: YES, App: YES
2014-06-02 10:16:26.770 CorodvaTypeScript[43697:70b] Unlimited access to network resources
2014-06-02 10:16:26.773 CorodvaTypeScript[43697:70b] 

Started backup to iCloud! Please be careful.
Your application might rejected by Apple if you store too much data.
For more information please read "iOS Data Storage Guidelines"
You could find it at the following address https://developer.apple.com/icloud/documentation/data-storage/ .

2014-06-02 10:16:26.889 CorodvaTypeScript[43697:70b] Resetting plugins due to page load.
2014-06-02 10:16:26.944 CorodvaTypeScript[43697:70b] Finished load of: file:///Users/lenniedevilliers/Library/Application%20Support/iPhone%20Simulator/7.1/Applications/EAB0CEE8-E119-4E73-9C23-2886AF75A002/CorodvaTypeScript.app/www/index.html
2014-06-02 10:18:29.317 CorodvaTypeScript[43798:70b] Multi-tasking -> Device: YES, App: YES
2014-06-02 10:18:29.324 CorodvaTypeScript[43798:70b] Unlimited access to network resources
2014-06-02 10:18:29.326 CorodvaTypeScript[43798:70b] 

Started backup to iCloud! Please be careful.
Your application might rejected by Apple if you store too much data.
For more information please read "iOS Data Storage Guidelines"
You could find it at the following address https://developer.apple.com/icloud/documentation/data-storage/ .

2014-06-02 10:18:29.379 CorodvaTypeScript[43798:70b] Resetting plugins due to page load.
2014-06-02 10:18:29.412 CorodvaTypeScript[43798:70b] Finished load of: file:///Users/lenniedevilliers/Library/Application%20Support/iPhone%20Simulator/7.1/Applications/EAB0CEE8-E119-4E73-9C23-2886AF75A002/CorodvaTypeScript.app/www/index.html
Terminating in response to SpringBoard's termination.
2014-06-02 10:20:03.222 CorodvaTypeScript[43917:70b] Multi-tasking -> Device: YES, App: YES
2014-06-02 10:20:03.229 CorodvaTypeScript[43917:70b] Unlimited access to network resources
2014-06-02 10:20:03.233 CorodvaTypeScript[43917:70b] 

Started backup to iCloud! Please be careful.
Your application might rejected by Apple if you store too much data.
For more information please read "iOS Data Storage Guidelines"
You could find it at the following address https://developer.apple.com/icloud/documentation/data-storage/ .

2014-06-02 10:20:03.421 CorodvaTypeScript[43917:70b] Resetting plugins due to page load.
2014-06-02 10:20:03.472 CorodvaTypeScript[43917:70b] Finished load of: file:///Users/lenniedevilliers/Library/Application%20Support/iPhone%20Simulator/7.1/Applications/EAB0CEE8-E119-4E73-9C23-2886AF75A002/CorodvaTypeScript.app/www/index.html
Terminating in response to SpringBoard's termination.
2014-06-02 10:21:45.106 CorodvaTypeScript[44050:70b] Multi-tasking -> Device: YES, App: YES
2014-06-02 10:21:45.113 CorodvaTypeScript[44050:70b] Unlimited access to network resources
2014-06-02 10:21:45.117 CorodvaTypeScript[44050:70b] 

Started backup to iCloud! Please be careful.
Your application might rejected by Apple if you store too much data.
For more information please read "iOS Data Storage Guidelines"
You could find it at the following address https://developer.apple.com/icloud/documentation/data-storage/ .

2014-06-02 10:21:45.240 CorodvaTypeScript[44050:70b] Resetting plugins due to page load.
2014-06-02 10:21:45.301 CorodvaTypeScript[44050:70b] Finished load of: file:///Users/lenniedevilliers/Library/Application%20Support/iPhone%20Simulator/7.1/Applications/EAB0CEE8-E119-4E73-9C23-2886AF75A002/CorodvaTypeScript.app/www/index.html
Terminating in response to SpringBoard's termination.
2014-06-02 10:22:29.553 CorodvaTypeScript[44170:70b] Multi-tasking -> Device: YES, App: YES
2014-06-02 10:22:29.562 CorodvaTypeScript[44170:70b] Unlimited access to network resources
2014-06-02 10:22:29.565 CorodvaTypeScript[44170:70b] 

Started backup to iCloud! Please be careful.
Your application might rejected by Apple if you store too much data.
For more information please read "iOS Data Storage Guidelines"
You could find it at the following address https://developer.apple.com/icloud/documentation/data-storage/ .

2014-06-02 10:22:29.738 CorodvaTypeScript[44170:70b] Resetting plugins due to page load.
2014-06-02 10:22:29.791 CorodvaTypeScript[44170:70b] Finished load of: file:///Users/lenniedevilliers/Library/Application%20Support/iPhone%20Simulator/7.1/Applications/EAB0CEE8-E119-4E73-9C23-2886AF75A002/CorodvaTypeScript.app/www/index.html
Terminating in response to SpringBoard's termination.
2014-06-02 10:23:18.638 CorodvaTypeScript[44290:70b] Multi-tasking -> Device: YES, App: YES
2014-06-02 10:23:18.645 CorodvaTypeScript[44290:70b] Unlimited access to network resources
2014-06-02 10:23:18.648 CorodvaTypeScript[44290:70b] 

Started backup to iCloud! Please be careful.
Your application might rejected by Apple if you store too much data.
For more information please read "iOS Data Storage Guidelines"
You could find it at the following address https://developer.apple.com/icloud/documentation/data-storage/ .

2014-06-02 10:23:18.807 CorodvaTypeScript[44290:70b] Resetting plugins due to page load.
2014-06-02 10:23:18.905 CorodvaTypeScript[44290:70b] Finished load of: file:///Users/lenniedevilliers/Library/Application%20Support/iPhone%20Simulator/7.1/Applications/EAB0CEE8-E119-4E73-9C23-2886AF75A002/CorodvaTypeScript.app/www/index.html
Terminating in response to SpringBoard's termination.
