2014-06-02 09:56:26.884 CorodvaTest[41723:70b] Multi-tasking -> Device: YES, App: YES
2014-06-02 09:56:27.001 CorodvaTest[41723:70b] Unlimited access to network resources
2014-06-02 09:56:27.005 CorodvaTest[41723:70b] 

Started backup to iCloud! Please be careful.
Your application might rejected by Apple if you store too much data.
For more information please read "iOS Data Storage Guidelines"
You could find it at the following address https://developer.apple.com/icloud/documentation/data-storage/ .

2014-06-02 09:56:27.237 CorodvaTest[41723:70b] Resetting plugins due to page load.
2014-06-02 09:56:28.095 CorodvaTest[41723:70b] Finished load of: file:///Users/lenniedevilliers/Library/Application%20Support/iPhone%20Simulator/7.1/Applications/545227DC-15CA-48A2-9B4C-194AC5250311/CorodvaTest.app/www/index.html
2014-06-02 10:11:10.507 CorodvaTest[42648:70b] Multi-tasking -> Device: YES, App: YES
2014-06-02 10:11:10.515 CorodvaTest[42648:70b] Unlimited access to network resources
2014-06-02 10:11:10.518 CorodvaTest[42648:70b] 

Started backup to iCloud! Please be careful.
Your application might rejected by Apple if you store too much data.
For more information please read "iOS Data Storage Guidelines"
You could find it at the following address https://developer.apple.com/icloud/documentation/data-storage/ .

2014-06-02 10:11:10.852 CorodvaTest[42648:70b] Resetting plugins due to page load.
2014-06-02 10:11:11.076 CorodvaTest[42648:70b] Finished load of: file:///Users/lenniedevilliers/Library/Application%20Support/iPhone%20Simulator/7.1/Applications/545227DC-15CA-48A2-9B4C-194AC5250311/CorodvaTest.app/www/index.html
2014-06-02 10:12:18.117 CorodvaTest[42725:70b] Multi-tasking -> Device: YES, App: YES
2014-06-02 10:12:18.124 CorodvaTest[42725:70b] Unlimited access to network resources
2014-06-02 10:12:18.127 CorodvaTest[42725:70b] 

Started backup to iCloud! Please be careful.
Your application might rejected by Apple if you store too much data.
For more information please read "iOS Data Storage Guidelines"
You could find it at the following address https://developer.apple.com/icloud/documentation/data-storage/ .

2014-06-02 10:12:18.180 CorodvaTest[42725:70b] Resetting plugins due to page load.
2014-06-02 10:12:18.212 CorodvaTest[42725:70b] Finished load of: file:///Users/lenniedevilliers/Library/Application%20Support/iPhone%20Simulator/7.1/Applications/545227DC-15CA-48A2-9B4C-194AC5250311/CorodvaTest.app/www/index.html
Terminating in response to SpringBoard's termination.
2014-06-02 10:12:38.874 CorodvaTest[42826:70b] Multi-tasking -> Device: YES, App: YES
2014-06-02 10:12:38.881 CorodvaTest[42826:70b] Unlimited access to network resources
2014-06-02 10:12:38.885 CorodvaTest[42826:70b] 

Started backup to iCloud! Please be careful.
Your application might rejected by Apple if you store too much data.
For more information please read "iOS Data Storage Guidelines"
You could find it at the following address https://developer.apple.com/icloud/documentation/data-storage/ .

2014-06-02 10:12:39.087 CorodvaTest[42826:70b] Resetting plugins due to page load.
2014-06-02 10:12:39.150 CorodvaTest[42826:70b] Finished load of: file:///Users/lenniedevilliers/Library/Application%20Support/iPhone%20Simulator/7.1/Applications/545227DC-15CA-48A2-9B4C-194AC5250311/CorodvaTest.app/www/index.html
2014-06-02 10:12:50.519 CorodvaTest[42904:70b] Multi-tasking -> Device: YES, App: YES
2014-06-02 10:12:50.526 CorodvaTest[42904:70b] Unlimited access to network resources
2014-06-02 10:12:50.529 CorodvaTest[42904:70b] 

Started backup to iCloud! Please be careful.
Your application might rejected by Apple if you store too much data.
For more information please read "iOS Data Storage Guidelines"
You could find it at the following address https://developer.apple.com/icloud/documentation/data-storage/ .

2014-06-02 10:12:50.585 CorodvaTest[42904:70b] Resetting plugins due to page load.
2014-06-02 10:12:50.621 CorodvaTest[42904:70b] Finished load of: file:///Users/lenniedevilliers/Library/Application%20Support/iPhone%20Simulator/7.1/Applications/545227DC-15CA-48A2-9B4C-194AC5250311/CorodvaTest.app/www/index.html
Terminating in response to SpringBoard's termination.
2014-06-02 10:13:03.455 CorodvaTest[43003:70b] Multi-tasking -> Device: YES, App: YES
2014-06-02 10:13:03.462 CorodvaTest[43003:70b] Unlimited access to network resources
2014-06-02 10:13:03.466 CorodvaTest[43003:70b] 

Started backup to iCloud! Please be careful.
Your application might rejected by Apple if you store too much data.
For more information please read "iOS Data Storage Guidelines"
You could find it at the following address https://developer.apple.com/icloud/documentation/data-storage/ .

2014-06-02 10:13:03.592 CorodvaTest[43003:70b] Resetting plugins due to page load.
2014-06-02 10:13:03.649 CorodvaTest[43003:70b] Finished load of: file:///Users/lenniedevilliers/Library/Application%20Support/iPhone%20Simulator/7.1/Applications/545227DC-15CA-48A2-9B4C-194AC5250311/CorodvaTest.app/www/index.html
2014-06-02 10:13:22.717 CorodvaTest[43080:70b] Multi-tasking -> Device: YES, App: YES
2014-06-02 10:13:22.724 CorodvaTest[43080:70b] Unlimited access to network resources
2014-06-02 10:13:22.727 CorodvaTest[43080:70b] 

Started backup to iCloud! Please be careful.
Your application might rejected by Apple if you store too much data.
For more information please read "iOS Data Storage Guidelines"
You could find it at the following address https://developer.apple.com/icloud/documentation/data-storage/ .

2014-06-02 10:13:22.780 CorodvaTest[43080:70b] Resetting plugins due to page load.
2014-06-02 10:13:22.812 CorodvaTest[43080:70b] Finished load of: file:///Users/lenniedevilliers/Library/Application%20Support/iPhone%20Simulator/7.1/Applications/545227DC-15CA-48A2-9B4C-194AC5250311/CorodvaTest.app/www/index.html
Terminating in response to SpringBoard's termination.
2014-06-02 10:13:32.067 CorodvaTest[43179:70b] Multi-tasking -> Device: YES, App: YES
2014-06-02 10:13:32.074 CorodvaTest[43179:70b] Unlimited access to network resources
2014-06-02 10:13:32.077 CorodvaTest[43179:70b] 

Started backup to iCloud! Please be careful.
Your application might rejected by Apple if you store too much data.
For more information please read "iOS Data Storage Guidelines"
You could find it at the following address https://developer.apple.com/icloud/documentation/data-storage/ .

2014-06-02 10:13:32.182 CorodvaTest[43179:70b] Resetting plugins due to page load.
2014-06-02 10:13:32.235 CorodvaTest[43179:70b] Finished load of: file:///Users/lenniedevilliers/Library/Application%20Support/iPhone%20Simulator/7.1/Applications/545227DC-15CA-48A2-9B4C-194AC5250311/CorodvaTest.app/www/index.html
2014-06-02 10:13:53.575 CorodvaTest[43257:70b] Multi-tasking -> Device: YES, App: YES
2014-06-02 10:13:53.582 CorodvaTest[43257:70b] Unlimited access to network resources
2014-06-02 10:13:53.585 CorodvaTest[43257:70b] 

Started backup to iCloud! Please be careful.
Your application might rejected by Apple if you store too much data.
For more information please read "iOS Data Storage Guidelines"
You could find it at the following address https://developer.apple.com/icloud/documentation/data-storage/ .

2014-06-02 10:13:53.642 CorodvaTest[43257:70b] Resetting plugins due to page load.
2014-06-02 10:13:53.677 CorodvaTest[43257:70b] Finished load of: file:///Users/lenniedevilliers/Library/Application%20Support/iPhone%20Simulator/7.1/Applications/545227DC-15CA-48A2-9B4C-194AC5250311/CorodvaTest.app/www/index.html
Terminating in response to SpringBoard's termination.
2014-06-02 10:14:01.203 CorodvaTest[43356:70b] Multi-tasking -> Device: YES, App: YES
2014-06-02 10:14:01.211 CorodvaTest[43356:70b] Unlimited access to network resources
2014-06-02 10:14:01.214 CorodvaTest[43356:70b] 

Started backup to iCloud! Please be careful.
Your application might rejected by Apple if you store too much data.
For more information please read "iOS Data Storage Guidelines"
You could find it at the following address https://developer.apple.com/icloud/documentation/data-storage/ .

2014-06-02 10:14:01.426 CorodvaTest[43356:70b] Resetting plugins due to page load.
2014-06-02 10:14:01.470 CorodvaTest[43356:70b] Finished load of: file:///Users/lenniedevilliers/Library/Application%20Support/iPhone%20Simulator/7.1/Applications/545227DC-15CA-48A2-9B4C-194AC5250311/CorodvaTest.app/www/index.html
Terminating in response to SpringBoard's termination.
